[2023-08-16 05:52:45] [1] [WARN] Reporting disabled: using no op test run registrar
[2023-08-16 05:52:45] [1] [INFO] TEST [qa-project - testLogin] STARTED at [10:52:45 2023-08-16]
[2023-08-16 05:52:45] [1] [INFO] Starting driver session...
[2023-08-16 05:52:46] [1] [INFO] Driver session started.
[2023-08-16 05:52:46] [1] [INFO] INFO: opening url 'https://www.facebook.com/'
[2023-08-16 05:52:47] [1] [INFO] PASS: keys 'test12user@rgmail.com' are sent to element 'emailField'.
[2023-08-16 05:52:47] [1] [INFO] PASS: keys 'pass' are sent to element 'passwordField'.
[2023-08-16 05:52:48] [1] [INFO] PASS: element 'loginBtn' is clicked.
[2023-08-16 05:52:49] [1] [ERROR] TEST [qa-project - testLogin] FAILED at [10:52:49 2023-08-16] - Error message does not match expected expected [true] but found [false]

org.testng.Assert.fail(Assert.java:110)
org.testng.Assert.failNotEquals(Assert.java:1577)
org.testng.Assert.assertTrue(Assert.java:56)
gui.automation.TestLogin.testLogin(TestLogin.java:24)
java.base/jdk.internal.reflect.DirectMethodHandleAccessor.invoke(DirectMethodHandleAccessor.java:104)
java.base/java.lang.reflect.Method.invoke(Method.java:577)
org.testng.internal.invokers.MethodInvocationHelper.invokeMethod(MethodInvocationHelper.java:139)
org.testng.internal.invokers.TestInvoker.invokeMethod(TestInvoker.java:677)
org.testng.internal.invokers.TestInvoker.invokeTestMethod(TestInvoker.java:221)
org.testng.internal.invokers.MethodRunner.runInSequence(MethodRunner.java:50)
org.testng.internal.invokers.TestInvoker$MethodInvocationAgent.invoke(TestInvoker.java:969)
org.testng.internal.invokers.TestInvoker.invokeTestMethods(TestInvoker.java:194)
org.testng.internal.invokers.TestMethodWorker.invokeTestMethods(TestMethodWorker.java:148)
org.testng.internal.invokers.TestMethodWorker.run(TestMethodWorker.java:128)
java.base/java.util.ArrayList.forEach(ArrayList.java:1511)
org.testng.TestRunner.privateRun(TestRunner.java:829)
org.testng.TestRunner.run(TestRunner.java:602)
org.testng.SuiteRunner.runTest(SuiteRunner.java:437)
org.testng.SuiteRunner.runSequentially(SuiteRunner.java:431)
org.testng.SuiteRunner.privateRun(SuiteRunner.java:391)
org.testng.SuiteRunner.run(SuiteRunner.java:330)
org.testng.SuiteRunnerWorker.runSuite(SuiteRunnerWorker.java:52)
org.testng.SuiteRunnerWorker.run(SuiteRunnerWorker.java:95)
org.testng.TestNG.runSuitesSequentially(TestNG.java:1256)
org.testng.TestNG.runSuitesLocally(TestNG.java:1176)
org.testng.TestNG.runSuites(TestNG.java:1099)
org.testng.TestNG.run(TestNG.java:1067)
com.intellij.rt.testng.IDEARemoteTestNG.run(IDEARemoteTestNG.java:66)
com.intellij.rt.testng.RemoteTestNGStarter.main(RemoteTestNGStarter.java:109)
